# JRE version: OpenJDK Runtime Environment (17.0.10) (build 17.0.10+0--11609105)
# Java VM: OpenJDK 64-Bit Server VM (17.0.10+0--11609105, mixed mode, tiered, compressed oops, compressed class ptrs, g1 gc, windows-amd64)
GC Precious Log:
 CPUs: 2 total, 2 available
 Memory: 3918M
 Large Page Support: Disabled
 NUMA Support: Disabled
 Compressed Oops: Enabled (32-bit)
 Heap Region Size: 1M
 Heap Min Capacity: 8M
 Heap Initial Capacity: 62M
 Heap Max Capacity: 2G
 Pre-touch: Disabled
 Parallel Workers: 2
 Concurrent Workers: 1
 Concurrent Refinement Workers: 2
 Periodic GC: Disabled
Heap:
 garbage-first heap   total 522240K, used 373760K [0x0000000080000000, 0x0000000100000000)
  region size 1024K, 4 young (4096K), 4 survivors (4096K)
 Metaspace       used 143768K, committed 144832K, reserved 1179648K
  class space    used 18997K, committed 19520K, reserved 1048576K
GC Heap History (20 events):
Event: 221.563 GC heap after
{Heap after GC invocations=102 (full 0):
 garbage-first heap   total 507904K, used 240629K [0x0000000080000000, 0x0000000100000000)
  region size 1024K, 12 young (12288K), 12 survivors (12288K)
 Metaspace       used 139674K, committed 140608K, reserved 1179648K
  class space    used 18527K, committed 19008K, reserved 1048576K
}
Event: 224.247 GC heap before
{Heap before GC invocations=102 (full 0):
 garbage-first heap   total 507904K, used 446453K [0x0000000080000000, 0x0000000100000000)
  region size 1024K, 194 young (198656K), 12 survivors (12288K)
 Metaspace       used 140184K, committed 141056K, reserved 1179648K
  class space    used 18563K, committed 19008K, reserved 1048576K
}
Event: 224.564 GC heap after
{Heap after GC invocations=103 (full 0):
 garbage-first heap   total 522240K, used 299171K [0x0000000080000000, 0x0000000100000000)
  region size 1024K, 25 young (25600K), 25 survivors (25600K)
 Metaspace       used 140184K, committed 141056K, reserved 1179648K
  class space    used 18563K, committed 19008K, reserved 1048576K
}
Event: 224.898 GC heap before
{Heap before GC invocations=103 (full 0):
 garbage-first heap   total 522240K, used 317603K [0x0000000080000000, 0x0000000100000000)
  region size 1024K, 44 young (45056K), 25 survivors (25600K)
 Metaspace       used 140188K, committed 141056K, reserved 1179648K
  class space    used 18563K, committed 19008K, reserved 1048576K
}
Event: 225.048 GC heap after
{Heap after GC invocations=104 (full 0):
 garbage-first heap   total 522240K, used 303616K [0x0000000080000000, 0x0000000100000000)
  region size 1024K, 4 young (4096K), 4 survivors (4096K)
 Metaspace       used 140188K, committed 141056K, reserved 1179648K
  class space    used 18563K, committed 19008K, reserved 1048576K
}
Event: 227.360 GC heap before
{Heap before GC invocations=104 (full 0):
 garbage-first heap   total 522240K, used 427520K [0x0000000080000000, 0x0000000100000000)
  region size 1024K, 111 young (113664K), 4 survivors (4096K)
 Metaspace       used 140279K, committed 141184K, reserved 1179648K
  class space    used 18569K, committed 19008K, reserved 1048576K
}
Event: 227.447 GC heap after
{Heap after GC invocations=105 (full 0):
 garbage-first heap   total 522240K, used 324096K [0x0000000080000000, 0x0000000100000000)
  region size 1024K, 9 young (9216K), 9 survivors (9216K)
 Metaspace       used 140279K, committed 141184K, reserved 1179648K
  class space    used 18569K, committed 19008K, reserved 1048576K
}
Event: 228.966 GC heap before
{Heap before GC invocations=105 (full 0):
 garbage-first heap   total 522240K, used 448000K [0x0000000080000000, 0x0000000100000000)
  region size 1024K, 109 young (111616K), 9 survivors (9216K)
 Metaspace       used 140281K, committed 141184K, reserved 1179648K
  class space    used 18569K, committed 19008K, reserved 1048576K
}
Event: 229.060 GC heap after
{Heap after GC invocations=106 (full 0):
 garbage-first heap   total 522240K, used 360960K [0x0000000080000000, 0x0000000100000000)
  region size 1024K, 14 young (14336K), 14 survivors (14336K)
 Metaspace       used 140281K, committed 141184K, reserved 1179648K
  class space    used 18569K, committed 19008K, reserved 1048576K
}
Event: 230.914 GC heap before
{Heap before GC invocations=106 (full 0):
 garbage-first heap   total 522240K, used 454144K [0x0000000080000000, 0x0000000100000000)
  region size 1024K, 85 young (87040K), 14 survivors (14336K)
 Metaspace       used 140292K, committed 141184K, reserved 1179648K
  class space    used 18570K, committed 19008K, reserved 1048576K
}
Event: 230.965 GC heap after
{Heap after GC invocations=107 (full 0):
 garbage-first heap   total 522240K, used 340480K [0x0000000080000000, 0x0000000100000000)
  region size 1024K, 1 young (1024K), 1 survivors (1024K)
 Metaspace       used 140292K, committed 141184K, reserved 1179648K
  class space    used 18570K, committed 19008K, reserved 1048576K
}
Event: 296.968 GC heap before
{Heap before GC invocations=107 (full 0):
 garbage-first heap   total 522240K, used 433664K [0x0000000080000000, 0x0000000100000000)
  region size 1024K, 93 young (95232K), 1 survivors (1024K)
 Metaspace       used 143116K, committed 144064K, reserved 1179648K
  class space    used 18926K, committed 19392K, reserved 1048576K
}
Event: 297.067 GC heap after
{Heap after GC invocations=108 (full 0):
 garbage-first heap   total 522240K, used 348672K [0x0000000080000000, 0x0000000100000000)
  region size 1024K, 9 young (9216K), 9 survivors (9216K)
 Metaspace       used 143116K, committed 144064K, reserved 1179648K
  class space    used 18926K, committed 19392K, reserved 1048576K
}
Event: 302.339 GC heap before
{Heap before GC invocations=108 (full 0):
 garbage-first heap   total 522240K, used 364032K [0x0000000080000000, 0x0000000100000000)
  region size 1024K, 25 young (25600K), 9 survivors (9216K)
 Metaspace       used 143184K, committed 144192K, reserved 1179648K
  class space    used 18934K, committed 19456K, reserved 1048576K
}
Event: 302.365 GC heap after
{Heap after GC invocations=109 (full 0):
 garbage-first heap   total 522240K, used 350421K [0x0000000080000000, 0x0000000100000000)
  region size 1024K, 2 young (2048K), 2 survivors (2048K)
 Metaspace       used 143184K, committed 144192K, reserved 1179648K
  class space    used 18934K, committed 19456K, reserved 1048576K
}
Event: 992.075 GC heap before
{Heap before GC invocations=109 (full 0):
 garbage-first heap   total 522240K, used 431317K [0x0000000080000000, 0x0000000100000000)
  region size 1024K, 82 young (83968K), 2 survivors (2048K)
 Metaspace       used 143606K, committed 144640K, reserved 1179648K
  class space    used 18971K, committed 19520K, reserved 1048576K
}
Event: 992.202 GC heap after
{Heap after GC invocations=110 (full 0):
 garbage-first heap   total 522240K, used 356850K [0x0000000080000000, 0x0000000100000000)
  region size 1024K, 9 young (9216K), 9 survivors (9216K)
 Metaspace       used 143606K, committed 144640K, reserved 1179648K
  class space    used 18971K, committed 19520K, reserved 1048576K
}
Event: 993.738 GC heap before
{Heap before GC invocations=110 (full 0):
 garbage-first heap   total 522240K, used 374258K [0x0000000080000000, 0x0000000100000000)
  region size 1024K, 25 young (25600K), 9 survivors (9216K)
 Metaspace       used 143727K, committed 144768K, reserved 1179648K
  class space    used 18995K, committed 19520K, reserved 1048576K
}
Event: 993.835 GC heap after
{Heap after GC invocations=111 (full 0):
 garbage-first heap   total 522240K, used 365928K [0x0000000080000000, 0x0000000100000000)
  region size 1024K, 4 young (4096K), 4 survivors (4096K)
 Metaspace       used 143727K, committed 144768K, reserved 1179648K
  class space    used 18995K, committed 19520K, reserved 1048576K
}
Event: 995.894 GC heap before
{Heap before GC invocations=111 (full 0):
 garbage-first heap   total 522240K, used 387432K [0x0000000080000000, 0x0000000100000000)
  region size 1024K, 25 young (25600K), 4 survivors (4096K)
 Metaspace       used 143768K, committed 144832K, reserved 1179648K
  class space    used 18997K, committed 19520K, reserved 1048576K
}

